5 0.004469785000000205
6 0.004826065999999921
7 0.006116602999999998
8 0.005774843999999529
9 0.006349531999999686
10 0.007038979000000334
11 0.00817682599999997
12 0.007865242999999134
13 0.009458898000000437
14 0.011121554000000478
15 0.009742643999997691
16 0.010981415999997246
17 0.010963231999999157
18 0.01263842000000015
19 0.012286362999998635
20 0.012850810000000212
21 0.013431642000000465
22 0.013667517000002016
23 0.014398973999999232
24 0.015367648999999428
25 0.016475235000000588
26 0.016511005999997108
27 0.019635976999998306
28 0.017473731999996023
29 0.01830796200000373
30 0.01927138600000866
31 0.0193225960000043
32 0.02026332099999939
33 0.0204830289999971
34 0.022142053000009376
35 0.021480533000013846
36 0.022138243000001445
37 0.02278266900001391
38 0.02315711600000725
39 0.02840256200001079
40 0.02658624599999282
41 0.030140707999981586
42 0.027746164000004292
43 0.028362919000009867
44 0.027291741000013303
45 0.03421179799998875
46 0.028125968000000334
47 0.0288147079999721
48 0.02956561200000074
49 0.030552357999992452
50 0.032638927000025575
51 0.032314369000003396
52 0.03456354100001313
53 0.03306952000002639
54 0.03314295300000758
55 0.034366981000035324
56 0.035108734999996116
57 0.036750598000004686
58 0.03889821399999249
59 0.03832445300000664
60 0.037430100999980453
61 0.03871283100003886
62 0.03964108700001567
63 0.040113072999947263
64 0.04001903199994672
65 0.04248726800001634
66 0.0429241379999894
67 0.04266648999998779
68 0.04240745499999932
69 0.04268450199998952
70 0.047247379000005196
71 0.04571719499993776
72 0.04593897899998822
73 0.046190205999955936
74 0.04661296299998696
75 0.04697174200004639
76 0.047628805999877954
77 0.05078155499996839
78 0.04905777800000166
79 0.049547515999989855
80 0.051430081000123806
81 0.05223952099995799
82 0.050241491000001304
83 0.054090025999954605
84 0.05279537000006229
85 0.05331286199999852
86 0.053874286000116456
87 0.05532219299999497
88 0.055517752000113774
89 0.05555346700011654
90 0.055904221999909964
91 0.05675696399993768
92 0.05711142200007657
93 0.05840476599988875
94 0.06061032699997071
95 0.059496314000085704
96 0.05989776000002678
97 0.06152052299997024
98 0.0629981860001152
99 0.06329390000009028
100 0.06359656600000108
101 0.06238157699994673
102 0.06476483700005531
103 0.0663121590000273
104 0.06449945700003923
105 0.06604303600006034
106 0.06593375399995693
107 0.06909765900006448
108 0.06806230299997651
109 0.06863962699979709
110 0.07098912999985885
111 0.07290963100008696
112 0.07951179500028616
113 0.07186530899977583
114 0.07158888700006116
115 0.07475205700042409
116 0.07418249399994181
117 0.07233403300007524
118 0.07293067800021902
119 0.07473973700011527
120 0.07443107200003851
121 0.08082892399983166
122 0.08134609499995804
123 0.07893062099974202
124 0.08023942099985959
125 0.08501557200015952
126 0.08048212200023386
127 0.08152785600003654
128 0.08139107399999546
129 0.08485305399993592
130 0.08393266100001995
131 0.08651847000007251
132 0.08592482900007781
133 0.0924032890000035
134 0.09619472300002485
135 0.08796719799987329
136 0.08630620300004921
137 0.09002272500002562
138 0.08864312099996141
139 0.09054624500041086
140 0.09277511699957586
141 0.09324073499996643
142 0.09215484199930302
143 0.0915408249999814
144 0.09137349100066672
145 0.09273085900017008
146 0.09296347099987656
147 0.10712693599955969
148 0.09375669700017397
149 0.10037681199989379
