5 0.004085225000000064
6 0.0047435659999999075
7 0.005486931999999847
8 0.005687663000000551
9 0.006053355999999843
10 0.006529812000000634
11 0.007069845999999352
12 0.007570206999998885
13 0.008112262999998732
14 0.008593654000000228
15 0.009758237000002834
16 0.009947215999999148
17 0.010479223999999343
18 0.011422797999999235
19 0.011418558999997996
20 0.012207307999999917
21 0.012745679000004229
22 0.013706948999998358
23 0.014357644000004166
24 0.014486774000001867
25 0.014779301000002798
26 0.01588029200000074
27 0.016518123000003104
28 0.01657585999999922
29 0.018174231999988244
30 0.01819505599999438
31 0.018794343999994467
32 0.019227658999999342
33 0.019863280999995236
34 0.020157468000000733
35 0.020673393999985468
36 0.02239026300000413
37 0.02184512899999813
38 0.022392184999994846
39 0.022753266000001382
40 0.023865525000007715
41 0.02418624299999994
42 0.024483819000009177
43 0.025410126000002364
44 0.026542392999987285
45 0.04749507500002004
46 0.027080558999982962
47 0.02778318099999577
48 0.02830994799998976
49 0.028168934999969863
50 0.02974046000000108
51 0.03226877399998429
52 0.03473085400000642
53 0.031146455000010675
54 0.031186073000025516
55 0.03195884099998736
56 0.03229829599997025
57 0.03276539899997388
58 0.033340652000013904
59 0.03456722099998011
60 0.03519304800002132
61 0.035591041000001766
62 0.03618220700000485
63 0.03667148399997089
64 0.03746869999999802
65 0.03829610899992275
66 0.038627820999995066
67 0.03895025400000307
68 0.0400059120000158
69 0.04101474699993446
70 0.04337533199997523
71 0.0419586970000303
72 0.042348576000023286
73 0.0434516940000087
74 0.04391729799989719
75 0.0444640210000351
76 0.04549668600001766
77 0.04524727300005438
78 0.047825915000029084
79 0.046766587999965026
80 0.04684627500001426
81 0.047606825999974234
82 0.048287880999936306
83 0.048631425000110085
84 0.048927886999862835
85 0.049511440999829404
86 0.05035823600001521
87 0.05083250300007336
88 0.05160986199999229
89 0.053493749999944384
90 0.0533727229999954
91 0.05527969599996396
92 0.05452796899991341
93 0.054332824000148605
94 0.05492102899988538
95 0.05795478800003906
96 0.0566475449999686
97 0.05673434900000274
98 0.057922655999959716
99 0.057832297999937055
100 0.058293158999973116
101 0.059031833999974026
102 0.05944862900005887
103 0.060032740000004026
104 0.06051277900001395
105 0.06140072499995597
106 0.06368966400008702
107 0.0625667839999906
108 0.0634262080001946
109 0.06465295800006743
110 0.06617847400016785
111 0.06551413399969874
112 0.06675823300028583
113 0.06616516200018907
114 0.06666443399991806
115 0.06748362099966698
116 0.06792739699984907
117 0.06881919700020944
118 0.07025919000024317
119 0.06983657099999618
120 0.07060775099988348
121 0.07172801400011508
122 0.07197608899987529
123 0.07395478099988395
124 0.07258616200002166
125 0.07294852699979515
126 0.07366815500009238
127 0.07541835099982563
128 0.07610074299995517
129 0.07682086600020455
130 0.07893820600031631
131 0.07911358199983454
132 0.07843668100014156
133 0.07964737199993976
134 0.08032873299987386
135 0.08035466499983102
136 0.08040152600017336
137 0.08139703700003054
138 0.08290266500013388
139 0.08412714999978732
140 0.0830938849995988
141 0.08475853599983907
142 0.08407833299992262
143 0.08461546399979625
144 0.08514970500056052
145 0.0863153410005566
146 0.08758800199964867
147 0.0878475119998825
148 0.08819057999920688
149 0.0895137129998318
