5 0.016554117999999923
6 0.021007997000000125
7 0.025770253000000534
8 0.027450129000000212
9 0.03314990100000054
10 0.03595669900000026
11 0.041133119000001495
12 0.0467907559999996
13 0.05516298100000139
14 0.05748131999999884
15 0.06552439199999915
16 0.07286928000000281
17 0.0783984160000013
18 0.08108345800000061
19 0.0879264559999986
20 0.08610437899999757
21 0.09057070700000769
22 0.095492612999998
23 0.10098474199999963
24 0.10550901700000592
25 0.11085178599999734
26 0.12246053900000087
27 0.12989924000000297
28 0.1372016009999939
29 0.13615290300000682
30 0.1403859200000097
31 0.14637231099997727
32 0.15545562100000687
33 0.1663521709999909
34 0.1714625230000122
35 0.1758488499999853
36 0.18046352499998886
37 0.18803703399998462
38 0.20951216400001638
39 0.20469662900000785
40 0.2082411350000477
41 0.2155957480000037
42 0.22362283300002161
43 0.23261547299997076
44 0.23547991799997092
45 0.24539120999999398
46 0.26943060499998595
47 0.25870763199998237
48 0.26651702199997906
49 0.27187383199998827
50 0.28324266399995324
51 0.3041761340000111
52 0.2987428410000543
53 0.32835334499991475
54 0.3485535240000317
55 0.33535146799996696
56 0.3374999940000336
57 0.34020325400005547
58 0.35286675500003994
59 0.35875282200006353
60 0.3717061899999976
61 0.37914870200005524
62 0.38332607800000673
63 0.4017021049999592
64 0.40148737200000184
65 0.4157147650000468
66 0.42271397300001823
67 0.4460050180000792
68 0.4351624490000674
69 0.4758022310000314
70 0.45502967399988137
71 0.48075656200006733
72 0.4792513289998652
73 0.5061195699999246
74 0.4958084319998477
75 0.49876189900000156
76 0.5193719430000101
77 0.5170786900000763
78 0.5320806739997437
79 0.5393465730000244
80 0.5562388109999219
81 0.5629925079999012
82 0.628892203999861
83 0.5838905920000244
84 0.591761580999929
85 0.6129586409999703
86 0.6307323909999099
87 0.6247873349999438
88 0.6356349050000887
89 0.6459289110000412
90 0.6593660979997438
91 0.6779619769999954
92 0.6779418670000013
93 0.7039942389999254
94 0.7307614620000038
95 0.7217112189995305
96 0.7446305800003188
97 0.7605717679998634
98 0.7516336950001943
99 0.8230422429998185
100 0.9781829999999587
101 0.8388157059999912
102 0.8175631240002019
103 0.8237899570003009
104 0.8807466709998693
105 0.9223416110000784
106 0.8752714069998859
107 0.9276733019998886
108 0.9074400640001699
109 0.9573763719997714
110 0.9127736049996429
111 0.985591177999936
112 0.9705249080002005
113 0.981770816000278
114 0.9899902160000948
115 1.0239038879998645
116 1.0544119390001043
117 1.050081788999691
118 1.078676052999782
119 1.0581499589999908
120 1.2558546049998824
121 1.180082151999727
122 1.1821211229998312
123 1.2039396449996786
124 1.2433572669996238
125 1.3298254189998602
126 1.3565277679993244
127 1.3116489250000996
128 1.3361672739996493
129 1.306654885999734
130 1.3008313490001058
131 1.321794904999166
132 1.3582997260001264
133 1.3583794659999455
134 1.3856532689999312
135 1.450961101999951
136 1.4501198470000247
137 1.4158981330004394
138 1.413089272999656
139 1.4605740080001226
140 1.6017843730003563
141 1.5409021249996044
142 1.5104255549997845
143 1.5393226210003377
144 1.5458434039998394
145 1.5837880240002846
146 1.6027129949994503
147 1.5917906670006516
148 1.650205572000118
149 1.6535021100001757
150 1.6791644650007527
151 1.6926956749990723
152 1.729101687999048
153 1.7570503739996184
154 1.7943198590007796
155 1.7063786749995984
156 1.7819571789997326
157 1.76793807100114
158 1.7563969229991585
159 1.8004363070004956
160 1.9558468670006732
161 1.9167041270000027
162 1.8512448049983163
